2020-11-07 14:07:50.341  INFO 14944 --- [restartedMain] c.t.l.w.a.SpringBootLook4popApplication  : Starting SpringBootLook4popApplication on LAPTOP-C5RQVG6H with PID 14944 (C:\workspacetfg\spring-boot-look4pop\target\classes started by Carlos in C:\workspacetfg\spring-boot-look4pop)
2020-11-07 14:07:50.341  INFO 14944 --- [restartedMain] c.t.l.w.a.SpringBootLook4popApplication  : No active profile set, falling back to default profiles: default
2020-11-07 14:07:50.489  INFO 14944 --- [restartedMain] o.d.s.DwrClassPathBeanDefinitionScanner  : Dwr classpath scanning detected candidate DTO [com.tfg.look4pop.web.app.models.entity.Coche] processed by converter type [bean]
2020-11-07 14:07:50.499  INFO 14944 --- [restartedMain] o.d.s.DwrClassPathBeanDefinitionScanner  : Dwr classpath scanning detected candidate DTO [com.tfg.look4pop.web.app.models.entity.Color] processed by converter type [bean]
2020-11-07 14:07:50.499  INFO 14944 --- [restartedMain] o.d.s.DwrClassPathBeanDefinitionScanner  : Dwr classpath scanning detected candidate DTO [com.tfg.look4pop.web.app.models.entity.Futbolista] processed by converter type [bean]
2020-11-07 14:07:50.550  INFO 14944 --- [restartedMain] o.d.spring.DwrAnnotationPostProcessor    : Detected candidate bean [mainController]. Remoting using mainController
2020-11-07 14:07:50.550  INFO 14944 --- [restartedMain] o.d.spring.DwrAnnotationPostProcessor    : Could not infer class for [localeResolver]. Is it a factory bean? Omitting bean from annotation processing
2020-11-07 14:07:50.552  INFO 14944 --- [restartedMain] o.d.spring.DwrAnnotationPostProcessor    : Could not infer class for [localeChangeInterceptor]. Is it a factory bean? Omitting bean from annotation processing
2020-11-07 14:07:50.552  INFO 14944 --- [restartedMain] o.d.spring.DwrAnnotationPostProcessor    : Could not infer class for [servletRegistrationBean]. Is it a factory bean? Omitting bean from annotation processing
2020-11-07 14:07:50.552  INFO 14944 --- [restartedMain] o.d.spring.DwrAnnotationPostProcessor    : Could not infer class for [messageSourceProperties]. Is it a factory bean? Omitting bean from annotation processing
2020-11-07 14:07:50.552  INFO 14944 --- [restartedMain] o.d.spring.DwrAnnotationPostProcessor    : Could not infer class for [messageSource]. Is it a factory bean? Omitting bean from annotation processing
2020-11-07 14:07:50.552  INFO 14944 --- [restartedMain] o.d.spring.DwrAnnotationPostProcessor    : Could not infer class for [websocketServletWebServerCustomizer]. Is it a factory bean? Omitting bean from annotation processing
2020-11-07 14:07:50.552  INFO 14944 --- [restartedMain] o.d.spring.DwrAnnotationPostProcessor    : Could not infer class for [tomcatServletWebServerFactory]. Is it a factory bean? Omitting bean from annotation processing
2020-11-07 14:07:50.552  INFO 14944 --- [restartedMain] o.d.spring.DwrAnnotationPostProcessor    : Could not infer class for [servletWebServerFactoryCustomizer]. Is it a factory bean? Omitting bean from annotation processing
2020-11-07 14:07:50.552  INFO 14944 --- [restartedMain] o.d.spring.DwrAnnotationPostProcessor    : Could not infer class for [tomcatServletWebServerFactoryCustomizer]. Is it a factory bean? Omitting bean from annotation processing
2020-11-07 14:07:50.552  INFO 14944 --- [restartedMain] o.d.spring.DwrAnnotationPostProcessor    : Could not infer class for [dispatcherServlet]. Is it a factory bean? Omitting bean from annotation processing
2020-11-07 14:07:50.552  INFO 14944 --- [restartedMain] o.d.spring.DwrAnnotationPostProcessor    : Could not infer class for [dispatcherServletRegistration]. Is it a factory bean? Omitting bean from annotation processing
2020-11-07 14:07:50.552  INFO 14944 --- [restartedMain] o.d.spring.DwrAnnotationPostProcessor    : Could not infer class for [taskExecutorBuilder]. Is it a factory bean? Omitting bean from annotation processing
2020-11-07 14:07:50.552  INFO 14944 --- [restartedMain] o.d.spring.DwrAnnotationPostProcessor    : Could not infer class for [applicationTaskExecutor]. Is it a factory bean? Omitting bean from annotation processing
2020-11-07 14:07:50.552  INFO 14944 --- [restartedMain] o.d.spring.DwrAnnotationPostProcessor    : Could not infer class for [error]. Is it a factory bean? Omitting bean from annotation processing
2020-11-07 14:07:50.552  INFO 14944 --- [restartedMain] o.d.spring.DwrAnnotationPostProcessor    : Could not infer class for [beanNameViewResolver]. Is it a factory bean? Omitting bean from annotation processing
2020-11-07 14:07:50.552  INFO 14944 --- [restartedMain] o.d.spring.DwrAnnotationPostProcessor    : Could not infer class for [conventionErrorViewResolver]. Is it a factory bean? Omitting bean from annotation processing
2020-11-07 14:07:50.552  INFO 14944 --- [restartedMain] o.d.spring.DwrAnnotationPostProcessor    : Could not infer class for [errorAttributes]. Is it a factory bean? Omitting bean from annotation processing
2020-11-07 14:07:50.552  INFO 14944 --- [restartedMain] o.d.spring.DwrAnnotationPostProcessor    : Could not infer class for [basicErrorController]. Is it a factory bean? Omitting bean from annotation processing
2020-11-07 14:07:50.552  INFO 14944 --- [restartedMain] o.d.spring.DwrAnnotationPostProcessor    : Could not infer class for [errorPageCustomizer]. Is it a factory bean? Omitting bean from annotation processing
2020-11-07 14:07:50.552  INFO 14944 --- [restartedMain] o.d.spring.DwrAnnotationPostProcessor    : Could not infer class for [requestMappingHandlerAdapter]. Is it a factory bean? Omitting bean from annotation processing
2020-11-07 14:07:50.552  INFO 14944 --- [restartedMain] o.d.spring.DwrAnnotationPostProcessor    : Could not infer class for [requestMappingHandlerMapping]. Is it a factory bean? Omitting bean from annotation processing
2020-11-07 14:07:50.552  INFO 14944 --- [restartedMain] o.d.spring.DwrAnnotationPostProcessor    : Could not infer class for [welcomePageHandlerMapping]. Is it a factory bean? Omitting bean from annotation processing
2020-11-07 14:07:50.552  INFO 14944 --- [restartedMain] o.d.spring.DwrAnnotationPostProcessor    : Could not infer class for [mvcConversionService]. Is it a factory bean? Omitting bean from annotation processing
2020-11-07 14:07:50.552  INFO 14944 --- [restartedMain] o.d.spring.DwrAnnotationPostProcessor    : Could not infer class for [mvcValidator]. Is it a factory bean? Omitting bean from annotation processing
2020-11-07 14:07:50.552  INFO 14944 --- [restartedMain] o.d.spring.DwrAnnotationPostProcessor    : Could not infer class for [mvcContentNegotiationManager]. Is it a factory bean? Omitting bean from annotation processing
2020-11-07 14:07:50.552  INFO 14944 --- [restartedMain] o.d.spring.DwrAnnotationPostProcessor    : Could not infer class for [mvcPathMatcher]. Is it a factory bean? Omitting bean from annotation processing
2020-11-07 14:07:50.552  INFO 14944 --- [restartedMain] o.d.spring.DwrAnnotationPostProcessor    : Could not infer class for [mvcUrlPathHelper]. Is it a factory bean? Omitting bean from annotation processing
2020-11-07 14:07:50.552  INFO 14944 --- [restartedMain] o.d.spring.DwrAnnotationPostProcessor    : Could not infer class for [viewControllerHandlerMapping]. Is it a factory bean? Omitting bean from annotation processing
2020-11-07 14:07:50.552  INFO 14944 --- [restartedMain] o.d.spring.DwrAnnotationPostProcessor    : Could not infer class for [beanNameHandlerMapping]. Is it a factory bean? Omitting bean from annotation processing
2020-11-07 14:07:50.552  INFO 14944 --- [restartedMain] o.d.spring.DwrAnnotationPostProcessor    : Could not infer class for [routerFunctionMapping]. Is it a factory bean? Omitting bean from annotation processing
2020-11-07 14:07:50.552  INFO 14944 --- [restartedMain] o.d.spring.DwrAnnotationPostProcessor    : Could not infer class for [resourceHandlerMapping]. Is it a factory bean? Omitting bean from annotation processing
2020-11-07 14:07:50.552  INFO 14944 --- [restartedMain] o.d.spring.DwrAnnotationPostProcessor    : Could not infer class for [mvcResourceUrlProvider]. Is it a factory bean? Omitting bean from annotation processing
2020-11-07 14:07:50.552  INFO 14944 --- [restartedMain] o.d.spring.DwrAnnotationPostProcessor    : Could not infer class for [defaultServletHandlerMapping]. Is it a factory bean? Omitting bean from annotation processing
2020-11-07 14:07:50.552  INFO 14944 --- [restartedMain] o.d.spring.DwrAnnotationPostProcessor    : Could not infer class for [handlerFunctionAdapter]. Is it a factory bean? Omitting bean from annotation processing
2020-11-07 14:07:50.552  INFO 14944 --- [restartedMain] o.d.spring.DwrAnnotationPostProcessor    : Could not infer class for [mvcUriComponentsContributor]. Is it a factory bean? Omitting bean from annotation processing
2020-11-07 14:07:50.552  INFO 14944 --- [restartedMain] o.d.spring.DwrAnnotationPostProcessor    : Could not infer class for [httpRequestHandlerAdapter]. Is it a factory bean? Omitting bean from annotation processing
2020-11-07 14:07:50.552  INFO 14944 --- [restartedMain] o.d.spring.DwrAnnotationPostProcessor    : Could not infer class for [simpleControllerHandlerAdapter]. Is it a factory bean? Omitting bean from annotation processing
2020-11-07 14:07:50.552  INFO 14944 --- [restartedMain] o.d.spring.DwrAnnotationPostProcessor    : Could not infer class for [handlerExceptionResolver]. Is it a factory bean? Omitting bean from annotation processing
2020-11-07 14:07:50.552  INFO 14944 --- [restartedMain] o.d.spring.DwrAnnotationPostProcessor    : Could not infer class for [mvcViewResolver]. Is it a factory bean? Omitting bean from annotation processing
2020-11-07 14:07:50.552  INFO 14944 --- [restartedMain] o.d.spring.DwrAnnotationPostProcessor    : Could not infer class for [mvcHandlerMappingIntrospector]. Is it a factory bean? Omitting bean from annotation processing
2020-11-07 14:07:50.552  INFO 14944 --- [restartedMain] o.d.spring.DwrAnnotationPostProcessor    : Could not infer class for [defaultViewResolver]. Is it a factory bean? Omitting bean from annotation processing
2020-11-07 14:07:50.552  INFO 14944 --- [restartedMain] o.d.spring.DwrAnnotationPostProcessor    : Could not infer class for [viewResolver]. Is it a factory bean? Omitting bean from annotation processing
2020-11-07 14:07:50.552  INFO 14944 --- [restartedMain] o.d.spring.DwrAnnotationPostProcessor    : Could not infer class for [formContentFilter]. Is it a factory bean? Omitting bean from annotation processing
2020-11-07 14:07:50.552  INFO 14944 --- [restartedMain] o.d.spring.DwrAnnotationPostProcessor    : Could not infer class for [dataSource]. Is it a factory bean? Omitting bean from annotation processing
2020-11-07 14:07:50.552  INFO 14944 --- [restartedMain] o.d.spring.DwrAnnotationPostProcessor    : Could not infer class for [hikariPoolDataSourceMetadataProvider]. Is it a factory bean? Omitting bean from annotation processing
2020-11-07 14:07:50.552  INFO 14944 --- [restartedMain] o.d.spring.DwrAnnotationPostProcessor    : Could not infer class for [sqlSessionFactory]. Is it a factory bean? Omitting bean from annotation processing
2020-11-07 14:07:50.552  INFO 14944 --- [restartedMain] o.d.spring.DwrAnnotationPostProcessor    : Could not infer class for [sqlSessionTemplate]. Is it a factory bean? Omitting bean from annotation processing
2020-11-07 14:07:50.552  INFO 14944 --- [restartedMain] o.d.spring.DwrAnnotationPostProcessor    : Could not infer class for [mbeanExporter]. Is it a factory bean? Omitting bean from annotation processing
2020-11-07 14:07:50.552  INFO 14944 --- [restartedMain] o.d.spring.DwrAnnotationPostProcessor    : Could not infer class for [objectNamingStrategy]. Is it a factory bean? Omitting bean from annotation processing
2020-11-07 14:07:50.552  INFO 14944 --- [restartedMain] o.d.spring.DwrAnnotationPostProcessor    : Could not infer class for [mbeanServer]. Is it a factory bean? Omitting bean from annotation processing
2020-11-07 14:07:50.552  INFO 14944 --- [restartedMain] o.d.spring.DwrAnnotationPostProcessor    : Could not infer class for [springApplicationAdminRegistrar]. Is it a factory bean? Omitting bean from annotation processing
2020-11-07 14:07:50.552  INFO 14944 --- [restartedMain] o.d.spring.DwrAnnotationPostProcessor    : Could not infer class for [applicationAvailability]. Is it a factory bean? Omitting bean from annotation processing
2020-11-07 14:07:50.552  INFO 14944 --- [restartedMain] o.d.spring.DwrAnnotationPostProcessor    : Could not infer class for [lifecycleProcessor]. Is it a factory bean? Omitting bean from annotation processing
2020-11-07 14:07:50.552  INFO 14944 --- [restartedMain] o.d.spring.DwrAnnotationPostProcessor    : Could not infer class for [standardJacksonObjectMapperBuilderCustomizer]. Is it a factory bean? Omitting bean from annotation processing
2020-11-07 14:07:50.552  INFO 14944 --- [restartedMain] o.d.spring.DwrAnnotationPostProcessor    : Could not infer class for [jacksonObjectMapperBuilder]. Is it a factory bean? Omitting bean from annotation processing
2020-11-07 14:07:50.552  INFO 14944 --- [restartedMain] o.d.spring.DwrAnnotationPostProcessor    : Could not infer class for [parameterNamesModule]. Is it a factory bean? Omitting bean from annotation processing
2020-11-07 14:07:50.552  INFO 14944 --- [restartedMain] o.d.spring.DwrAnnotationPostProcessor    : Could not infer class for [jacksonObjectMapper]. Is it a factory bean? Omitting bean from annotation processing
2020-11-07 14:07:50.552  INFO 14944 --- [restartedMain] o.d.spring.DwrAnnotationPostProcessor    : Could not infer class for [jsonComponentModule]. Is it a factory bean? Omitting bean from annotation processing
2020-11-07 14:07:50.552  INFO 14944 --- [restartedMain] o.d.spring.DwrAnnotationPostProcessor    : Could not infer class for [stringHttpMessageConverter]. Is it a factory bean? Omitting bean from annotation processing
2020-11-07 14:07:50.552  INFO 14944 --- [restartedMain] o.d.spring.DwrAnnotationPostProcessor    : Could not infer class for [mappingJackson2HttpMessageConverter]. Is it a factory bean? Omitting bean from annotation processing
2020-11-07 14:07:50.552  INFO 14944 --- [restartedMain] o.d.spring.DwrAnnotationPostProcessor    : Could not infer class for [messageConverters]. Is it a factory bean? Omitting bean from annotation processing
2020-11-07 14:07:50.552  INFO 14944 --- [restartedMain] o.d.spring.DwrAnnotationPostProcessor    : Could not infer class for [jdbcTemplate]. Is it a factory bean? Omitting bean from annotation processing
2020-11-07 14:07:50.552  INFO 14944 --- [restartedMain] o.d.spring.DwrAnnotationPostProcessor    : Could not infer class for [namedParameterJdbcTemplate]. Is it a factory bean? Omitting bean from annotation processing
2020-11-07 14:07:50.552  INFO 14944 --- [restartedMain] o.d.spring.DwrAnnotationPostProcessor    : Could not infer class for [taskSchedulerBuilder]. Is it a factory bean? Omitting bean from annotation processing
2020-11-07 14:07:50.552  INFO 14944 --- [restartedMain] o.d.spring.DwrAnnotationPostProcessor    : Could not infer class for [java8TimeDialect]. Is it a factory bean? Omitting bean from annotation processing
2020-11-07 14:07:50.552  INFO 14944 --- [restartedMain] o.d.spring.DwrAnnotationPostProcessor    : Could not infer class for [thymeleafViewResolver]. Is it a factory bean? Omitting bean from annotation processing
2020-11-07 14:07:50.552  INFO 14944 --- [restartedMain] o.d.spring.DwrAnnotationPostProcessor    : Could not infer class for [templateEngine]. Is it a factory bean? Omitting bean from annotation processing
2020-11-07 14:07:50.552  INFO 14944 --- [restartedMain] o.d.spring.DwrAnnotationPostProcessor    : Could not infer class for [defaultTemplateResolver]. Is it a factory bean? Omitting bean from annotation processing
2020-11-07 14:07:50.552  INFO 14944 --- [restartedMain] o.d.spring.DwrAnnotationPostProcessor    : Could not infer class for [transactionManager]. Is it a factory bean? Omitting bean from annotation processing
2020-11-07 14:07:50.552  INFO 14944 --- [restartedMain] o.d.spring.DwrAnnotationPostProcessor    : Could not infer class for [org.springframework.transaction.config.internalTransactionAdvisor]. Is it a factory bean? Omitting bean from annotation processing
2020-11-07 14:07:50.552  INFO 14944 --- [restartedMain] o.d.spring.DwrAnnotationPostProcessor    : Could not infer class for [transactionAttributeSource]. Is it a factory bean? Omitting bean from annotation processing
2020-11-07 14:07:50.552  INFO 14944 --- [restartedMain] o.d.spring.DwrAnnotationPostProcessor    : Could not infer class for [transactionInterceptor]. Is it a factory bean? Omitting bean from annotation processing
2020-11-07 14:07:50.552  INFO 14944 --- [restartedMain] o.d.spring.DwrAnnotationPostProcessor    : Could not infer class for [transactionTemplate]. Is it a factory bean? Omitting bean from annotation processing
2020-11-07 14:07:50.552  INFO 14944 --- [restartedMain] o.d.spring.DwrAnnotationPostProcessor    : Could not infer class for [platformTransactionManagerCustomizers]. Is it a factory bean? Omitting bean from annotation processing
2020-11-07 14:07:50.552  INFO 14944 --- [restartedMain] o.d.spring.DwrAnnotationPostProcessor    : Could not infer class for [restTemplateBuilder]. Is it a factory bean? Omitting bean from annotation processing
2020-11-07 14:07:50.552  INFO 14944 --- [restartedMain] o.d.spring.DwrAnnotationPostProcessor    : Could not infer class for [tomcatWebServerFactoryCustomizer]. Is it a factory bean? Omitting bean from annotation processing
2020-11-07 14:07:50.552  INFO 14944 --- [restartedMain] o.d.spring.DwrAnnotationPostProcessor    : Could not infer class for [characterEncodingFilter]. Is it a factory bean? Omitting bean from annotation processing
2020-11-07 14:07:50.552  INFO 14944 --- [restartedMain] o.d.spring.DwrAnnotationPostProcessor    : Could not infer class for [localeCharsetMappingsCustomizer]. Is it a factory bean? Omitting bean from annotation processing
2020-11-07 14:07:50.552  INFO 14944 --- [restartedMain] o.d.spring.DwrAnnotationPostProcessor    : Could not infer class for [multipartConfigElement]. Is it a factory bean? Omitting bean from annotation processing
2020-11-07 14:07:50.552  INFO 14944 --- [restartedMain] o.d.spring.DwrAnnotationPostProcessor    : Could not infer class for [multipartResolver]. Is it a factory bean? Omitting bean from annotation processing
2020-11-07 14:07:50.552  INFO 14944 --- [restartedMain] o.d.spring.DwrAnnotationPostProcessor    : Could not infer class for [inMemoryDatabaseShutdownExecutor]. Is it a factory bean? Omitting bean from annotation processing
2020-11-07 14:07:50.552  INFO 14944 --- [restartedMain] o.d.spring.DwrAnnotationPostProcessor    : Could not infer class for [restartingClassPathChangedEventListener]. Is it a factory bean? Omitting bean from annotation processing
2020-11-07 14:07:50.552  INFO 14944 --- [restartedMain] o.d.spring.DwrAnnotationPostProcessor    : Could not infer class for [classPathFileSystemWatcher]. Is it a factory bean? Omitting bean from annotation processing
2020-11-07 14:07:50.552  INFO 14944 --- [restartedMain] o.d.spring.DwrAnnotationPostProcessor    : Could not infer class for [classPathRestartStrategy]. Is it a factory bean? Omitting bean from annotation processing
2020-11-07 14:07:50.552  INFO 14944 --- [restartedMain] o.d.spring.DwrAnnotationPostProcessor    : Could not infer class for [fileSystemWatcherFactory]. Is it a factory bean? Omitting bean from annotation processing
2020-11-07 14:07:50.552  INFO 14944 --- [restartedMain] o.d.spring.DwrAnnotationPostProcessor    : Could not infer class for [conditionEvaluationDeltaLoggingListener]. Is it a factory bean? Omitting bean from annotation processing
2020-11-07 14:07:50.552  INFO 14944 --- [restartedMain] o.d.spring.DwrAnnotationPostProcessor    : Could not infer class for [liveReloadServer]. Is it a factory bean? Omitting bean from annotation processing
2020-11-07 14:07:50.552  INFO 14944 --- [restartedMain] o.d.spring.DwrAnnotationPostProcessor    : Could not infer class for [optionalLiveReloadServer]. Is it a factory bean? Omitting bean from annotation processing
2020-11-07 14:07:50.552  INFO 14944 --- [restartedMain] o.d.spring.DwrAnnotationPostProcessor    : Could not infer class for [liveReloadServerEventListener]. Is it a factory bean? Omitting bean from annotation processing
2020-11-07 14:07:50.590  INFO 14944 --- [restartedMain] o.apache.catalina.core.StandardService   : Starting service [Tomcat]
2020-11-07 14:07:50.590  INFO 14944 --- [restartedMain] org.apache.catalina.core.StandardEngine  : Starting Servlet engine: [Apache Tomcat/9.0.38]
2020-11-07 14:07:50.610  INFO 14944 --- [restartedMain] o.a.c.c.C.[Tomcat].[localhost].[/]       : Initializing Spring embedded WebApplicationContext
2020-11-07 14:07:50.751  INFO 14944 --- [restartedMain] c.t.l.w.a.SpringBootLook4popApplication  : Started SpringBootLook4popApplication in 0.451 seconds (JVM running for 150.297)
2020-11-07 14:08:00.580  INFO 14944 --- [http-nio-8080-exec-1] o.a.c.c.C.[Tomcat].[localhost].[/]       : Initializing Spring DispatcherServlet 'dispatcherServlet'
2020-11-07 14:08:05.600  INFO 14944 --- [http-nio-8080-exec-1] com.zaxxer.hikari.HikariDataSource       : HikariPool-3 - Starting...
2020-11-07 14:08:05.619  INFO 14944 --- [http-nio-8080-exec-1] com.zaxxer.hikari.HikariDataSource       : HikariPool-3 - Start completed.
2020-11-07 14:08:05.650  INFO 14944 --- [http-nio-8080-exec-1] c.t.l.w.app.controllers.MainController   : Ejemplo de log
2020-11-07 14:08:05.794  INFO 14944 --- [http-nio-8080-exec-2] org.directwebremoting.log.startup        : Starting: DwrSpringServlet v3.0.3-dev on Apache Tomcat/9.0.38 / JDK 11.0.2 from Oracle Corporation at 
2020-11-07 14:08:05.982  INFO 14944 --- [http-nio-8080-exec-2] org.directwebremoting.log.startup        : Starting: Using container abstraction org.directwebremoting.server.servlet3.Servlet30ContainerAbstraction
2020-11-07 14:09:08.879  INFO 14944 --- [Thread-14] com.zaxxer.hikari.HikariDataSource       : HikariPool-3 - Shutdown initiated...
2020-11-07 14:09:08.893  INFO 14944 --- [Thread-14] com.zaxxer.hikari.HikariDataSource       : HikariPool-3 - Shutdown completed.
2020-11-07 14:09:09.046  INFO 14944 --- [restartedMain] c.t.l.w.a.SpringBootLook4popApplication  : Starting SpringBootLook4popApplication on LAPTOP-C5RQVG6H with PID 14944 (C:\workspacetfg\spring-boot-look4pop\target\classes started by Carlos in C:\workspacetfg\spring-boot-look4pop)
2020-11-07 14:09:09.046  INFO 14944 --- [restartedMain] c.t.l.w.a.SpringBootLook4popApplication  : No active profile set, falling back to default profiles: default
2020-11-07 14:09:09.352  INFO 14944 --- [restartedMain] o.d.s.DwrClassPathBeanDefinitionScanner  : Dwr classpath scanning detected candidate DTO [com.tfg.look4pop.web.app.models.entity.Coche] processed by converter type [bean]
2020-11-07 14:09:09.354  INFO 14944 --- [restartedMain] o.d.s.DwrClassPathBeanDefinitionScanner  : Dwr classpath scanning detected candidate DTO [com.tfg.look4pop.web.app.models.entity.Color] processed by converter type [bean]
2020-11-07 14:09:09.354  INFO 14944 --- [restartedMain] o.d.s.DwrClassPathBeanDefinitionScanner  : Dwr classpath scanning detected candidate DTO [com.tfg.look4pop.web.app.models.entity.Futbolista] processed by converter type [bean]
2020-11-07 14:09:09.439  INFO 14944 --- [restartedMain] o.d.spring.DwrAnnotationPostProcessor    : Detected candidate bean [mainController]. Remoting using mainController
2020-11-07 14:09:09.445  INFO 14944 --- [restartedMain] o.d.spring.DwrAnnotationPostProcessor    : Could not infer class for [localeResolver]. Is it a factory bean? Omitting bean from annotation processing
2020-11-07 14:09:09.445  INFO 14944 --- [restartedMain] o.d.spring.DwrAnnotationPostProcessor    : Could not infer class for [localeChangeInterceptor]. Is it a factory bean? Omitting bean from annotation processing
2020-11-07 14:09:09.445  INFO 14944 --- [restartedMain] o.d.spring.DwrAnnotationPostProcessor    : Could not infer class for [servletRegistrationBean]. Is it a factory bean? Omitting bean from annotation processing
2020-11-07 14:09:09.445  INFO 14944 --- [restartedMain] o.d.spring.DwrAnnotationPostProcessor    : Could not infer class for [messageSourceProperties]. Is it a factory bean? Omitting bean from annotation processing
2020-11-07 14:09:09.445  INFO 14944 --- [restartedMain] o.d.spring.DwrAnnotationPostProcessor    : Could not infer class for [messageSource]. Is it a factory bean? Omitting bean from annotation processing
2020-11-07 14:09:09.445  INFO 14944 --- [restartedMain] o.d.spring.DwrAnnotationPostProcessor    : Could not infer class for [websocketServletWebServerCustomizer]. Is it a factory bean? Omitting bean from annotation processing
2020-11-07 14:09:09.445  INFO 14944 --- [restartedMain] o.d.spring.DwrAnnotationPostProcessor    : Could not infer class for [tomcatServletWebServerFactory]. Is it a factory bean? Omitting bean from annotation processing
2020-11-07 14:09:09.445  INFO 14944 --- [restartedMain] o.d.spring.DwrAnnotationPostProcessor    : Could not infer class for [servletWebServerFactoryCustomizer]. Is it a factory bean? Omitting bean from annotation processing
2020-11-07 14:09:09.445  INFO 14944 --- [restartedMain] o.d.spring.DwrAnnotationPostProcessor    : Could not infer class for [tomcatServletWebServerFactoryCustomizer]. Is it a factory bean? Omitting bean from annotation processing
2020-11-07 14:09:09.445  INFO 14944 --- [restartedMain] o.d.spring.DwrAnnotationPostProcessor    : Could not infer class for [dispatcherServlet]. Is it a factory bean? Omitting bean from annotation processing
2020-11-07 14:09:09.445  INFO 14944 --- [restartedMain] o.d.spring.DwrAnnotationPostProcessor    : Could not infer class for [dispatcherServletRegistration]. Is it a factory bean? Omitting bean from annotation processing
2020-11-07 14:09:09.445  INFO 14944 --- [restartedMain] o.d.spring.DwrAnnotationPostProcessor    : Could not infer class for [taskExecutorBuilder]. Is it a factory bean? Omitting bean from annotation processing
2020-11-07 14:09:09.445  INFO 14944 --- [restartedMain] o.d.spring.DwrAnnotationPostProcessor    : Could not infer class for [applicationTaskExecutor]. Is it a factory bean? Omitting bean from annotation processing
2020-11-07 14:09:09.445  INFO 14944 --- [restartedMain] o.d.spring.DwrAnnotationPostProcessor    : Could not infer class for [error]. Is it a factory bean? Omitting bean from annotation processing
2020-11-07 14:09:09.445  INFO 14944 --- [restartedMain] o.d.spring.DwrAnnotationPostProcessor    : Could not infer class for [beanNameViewResolver]. Is it a factory bean? Omitting bean from annotation processing
2020-11-07 14:09:09.449  INFO 14944 --- [restartedMain] o.d.spring.DwrAnnotationPostProcessor    : Could not infer class for [conventionErrorViewResolver]. Is it a factory bean? Omitting bean from annotation processing
2020-11-07 14:09:09.449  INFO 14944 --- [restartedMain] o.d.spring.DwrAnnotationPostProcessor    : Could not infer class for [errorAttributes]. Is it a factory bean? Omitting bean from annotation processing
2020-11-07 14:09:09.449  INFO 14944 --- [restartedMain] o.d.spring.DwrAnnotationPostProcessor    : Could not infer class for [basicErrorController]. Is it a factory bean? Omitting bean from annotation processing
2020-11-07 14:09:09.449  INFO 14944 --- [restartedMain] o.d.spring.DwrAnnotationPostProcessor    : Could not infer class for [errorPageCustomizer]. Is it a factory bean? Omitting bean from annotation processing
2020-11-07 14:09:09.449  INFO 14944 --- [restartedMain] o.d.spring.DwrAnnotationPostProcessor    : Could not infer class for [requestMappingHandlerAdapter]. Is it a factory bean? Omitting bean from annotation processing
2020-11-07 14:09:09.449  INFO 14944 --- [restartedMain] o.d.spring.DwrAnnotationPostProcessor    : Could not infer class for [requestMappingHandlerMapping]. Is it a factory bean? Omitting bean from annotation processing
2020-11-07 14:09:09.449  INFO 14944 --- [restartedMain] o.d.spring.DwrAnnotationPostProcessor    : Could not infer class for [welcomePageHandlerMapping]. Is it a factory bean? Omitting bean from annotation processing
2020-11-07 14:09:09.449  INFO 14944 --- [restartedMain] o.d.spring.DwrAnnotationPostProcessor    : Could not infer class for [mvcConversionService]. Is it a factory bean? Omitting bean from annotation processing
2020-11-07 14:09:09.449  INFO 14944 --- [restartedMain] o.d.spring.DwrAnnotationPostProcessor    : Could not infer class for [mvcValidator]. Is it a factory bean? Omitting bean from annotation processing
2020-11-07 14:09:09.449  INFO 14944 --- [restartedMain] o.d.spring.DwrAnnotationPostProcessor    : Could not infer class for [mvcContentNegotiationManager]. Is it a factory bean? Omitting bean from annotation processing
2020-11-07 14:09:09.449  INFO 14944 --- [restartedMain] o.d.spring.DwrAnnotationPostProcessor    : Could not infer class for [mvcPathMatcher]. Is it a factory bean? Omitting bean from annotation processing
2020-11-07 14:09:09.449  INFO 14944 --- [restartedMain] o.d.spring.DwrAnnotationPostProcessor    : Could not infer class for [mvcUrlPathHelper]. Is it a factory bean? Omitting bean from annotation processing
2020-11-07 14:09:09.449  INFO 14944 --- [restartedMain] o.d.spring.DwrAnnotationPostProcessor    : Could not infer class for [viewControllerHandlerMapping]. Is it a factory bean? Omitting bean from annotation processing
2020-11-07 14:09:09.449  INFO 14944 --- [restartedMain] o.d.spring.DwrAnnotationPostProcessor    : Could not infer class for [beanNameHandlerMapping]. Is it a factory bean? Omitting bean from annotation processing
2020-11-07 14:09:09.449  INFO 14944 --- [restartedMain] o.d.spring.DwrAnnotationPostProcessor    : Could not infer class for [routerFunctionMapping]. Is it a factory bean? Omitting bean from annotation processing
2020-11-07 14:09:09.449  INFO 14944 --- [restartedMain] o.d.spring.DwrAnnotationPostProcessor    : Could not infer class for [resourceHandlerMapping]. Is it a factory bean? Omitting bean from annotation processing
2020-11-07 14:09:09.449  INFO 14944 --- [restartedMain] o.d.spring.DwrAnnotationPostProcessor    : Could not infer class for [mvcResourceUrlProvider]. Is it a factory bean? Omitting bean from annotation processing
2020-11-07 14:09:09.449  INFO 14944 --- [restartedMain] o.d.spring.DwrAnnotationPostProcessor    : Could not infer class for [defaultServletHandlerMapping]. Is it a factory bean? Omitting bean from annotation processing
2020-11-07 14:09:09.449  INFO 14944 --- [restartedMain] o.d.spring.DwrAnnotationPostProcessor    : Could not infer class for [handlerFunctionAdapter]. Is it a factory bean? Omitting bean from annotation processing
2020-11-07 14:09:09.449  INFO 14944 --- [restartedMain] o.d.spring.DwrAnnotationPostProcessor    : Could not infer class for [mvcUriComponentsContributor]. Is it a factory bean? Omitting bean from annotation processing
2020-11-07 14:09:09.449  INFO 14944 --- [restartedMain] o.d.spring.DwrAnnotationPostProcessor    : Could not infer class for [httpRequestHandlerAdapter]. Is it a factory bean? Omitting bean from annotation processing
2020-11-07 14:09:09.449  INFO 14944 --- [restartedMain] o.d.spring.DwrAnnotationPostProcessor    : Could not infer class for [simpleControllerHandlerAdapter]. Is it a factory bean? Omitting bean from annotation processing
2020-11-07 14:09:09.449  INFO 14944 --- [restartedMain] o.d.spring.DwrAnnotationPostProcessor    : Could not infer class for [handlerExceptionResolver]. Is it a factory bean? Omitting bean from annotation processing
2020-11-07 14:09:09.449  INFO 14944 --- [restartedMain] o.d.spring.DwrAnnotationPostProcessor    : Could not infer class for [mvcViewResolver]. Is it a factory bean? Omitting bean from annotation processing
2020-11-07 14:09:09.449  INFO 14944 --- [restartedMain] o.d.spring.DwrAnnotationPostProcessor    : Could not infer class for [mvcHandlerMappingIntrospector]. Is it a factory bean? Omitting bean from annotation processing
2020-11-07 14:09:09.449  INFO 14944 --- [restartedMain] o.d.spring.DwrAnnotationPostProcessor    : Could not infer class for [defaultViewResolver]. Is it a factory bean? Omitting bean from annotation processing
2020-11-07 14:09:09.449  INFO 14944 --- [restartedMain] o.d.spring.DwrAnnotationPostProcessor    : Could not infer class for [viewResolver]. Is it a factory bean? Omitting bean from annotation processing
2020-11-07 14:09:09.449  INFO 14944 --- [restartedMain] o.d.spring.DwrAnnotationPostProcessor    : Could not infer class for [formContentFilter]. Is it a factory bean? Omitting bean from annotation processing
2020-11-07 14:09:09.449  INFO 14944 --- [restartedMain] o.d.spring.DwrAnnotationPostProcessor    : Could not infer class for [dataSource]. Is it a factory bean? Omitting bean from annotation processing
2020-11-07 14:09:09.449  INFO 14944 --- [restartedMain] o.d.spring.DwrAnnotationPostProcessor    : Could not infer class for [hikariPoolDataSourceMetadataProvider]. Is it a factory bean? Omitting bean from annotation processing
2020-11-07 14:09:09.449  INFO 14944 --- [restartedMain] o.d.spring.DwrAnnotationPostProcessor    : Could not infer class for [sqlSessionFactory]. Is it a factory bean? Omitting bean from annotation processing
2020-11-07 14:09:09.449  INFO 14944 --- [restartedMain] o.d.spring.DwrAnnotationPostProcessor    : Could not infer class for [sqlSessionTemplate]. Is it a factory bean? Omitting bean from annotation processing
2020-11-07 14:09:09.449  INFO 14944 --- [restartedMain] o.d.spring.DwrAnnotationPostProcessor    : Could not infer class for [mbeanExporter]. Is it a factory bean? Omitting bean from annotation processing
2020-11-07 14:09:09.449  INFO 14944 --- [restartedMain] o.d.spring.DwrAnnotationPostProcessor    : Could not infer class for [objectNamingStrategy]. Is it a factory bean? Omitting bean from annotation processing
2020-11-07 14:09:09.449  INFO 14944 --- [restartedMain] o.d.spring.DwrAnnotationPostProcessor    : Could not infer class for [mbeanServer]. Is it a factory bean? Omitting bean from annotation processing
2020-11-07 14:09:09.449  INFO 14944 --- [restartedMain] o.d.spring.DwrAnnotationPostProcessor    : Could not infer class for [springApplicationAdminRegistrar]. Is it a factory bean? Omitting bean from annotation processing
2020-11-07 14:09:09.454  INFO 14944 --- [restartedMain] o.d.spring.DwrAnnotationPostProcessor    : Could not infer class for [applicationAvailability]. Is it a factory bean? Omitting bean from annotation processing
2020-11-07 14:09:09.454  INFO 14944 --- [restartedMain] o.d.spring.DwrAnnotationPostProcessor    : Could not infer class for [lifecycleProcessor]. Is it a factory bean? Omitting bean from annotation processing
2020-11-07 14:09:09.454  INFO 14944 --- [restartedMain] o.d.spring.DwrAnnotationPostProcessor    : Could not infer class for [standardJacksonObjectMapperBuilderCustomizer]. Is it a factory bean? Omitting bean from annotation processing
2020-11-07 14:09:09.454  INFO 14944 --- [restartedMain] o.d.spring.DwrAnnotationPostProcessor    : Could not infer class for [jacksonObjectMapperBuilder]. Is it a factory bean? Omitting bean from annotation processing
2020-11-07 14:09:09.454  INFO 14944 --- [restartedMain] o.d.spring.DwrAnnotationPostProcessor    : Could not infer class for [parameterNamesModule]. Is it a factory bean? Omitting bean from annotation processing
2020-11-07 14:09:09.454  INFO 14944 --- [restartedMain] o.d.spring.DwrAnnotationPostProcessor    : Could not infer class for [jacksonObjectMapper]. Is it a factory bean? Omitting bean from annotation processing
2020-11-07 14:09:09.454  INFO 14944 --- [restartedMain] o.d.spring.DwrAnnotationPostProcessor    : Could not infer class for [jsonComponentModule]. Is it a factory bean? Omitting bean from annotation processing
2020-11-07 14:09:09.454  INFO 14944 --- [restartedMain] o.d.spring.DwrAnnotationPostProcessor    : Could not infer class for [stringHttpMessageConverter]. Is it a factory bean? Omitting bean from annotation processing
2020-11-07 14:09:09.454  INFO 14944 --- [restartedMain] o.d.spring.DwrAnnotationPostProcessor    : Could not infer class for [mappingJackson2HttpMessageConverter]. Is it a factory bean? Omitting bean from annotation processing
2020-11-07 14:09:09.454  INFO 14944 --- [restartedMain] o.d.spring.DwrAnnotationPostProcessor    : Could not infer class for [messageConverters]. Is it a factory bean? Omitting bean from annotation processing
2020-11-07 14:09:09.454  INFO 14944 --- [restartedMain] o.d.spring.DwrAnnotationPostProcessor    : Could not infer class for [jdbcTemplate]. Is it a factory bean? Omitting bean from annotation processing
2020-11-07 14:09:09.454  INFO 14944 --- [restartedMain] o.d.spring.DwrAnnotationPostProcessor    : Could not infer class for [namedParameterJdbcTemplate]. Is it a factory bean? Omitting bean from annotation processing
2020-11-07 14:09:09.454  INFO 14944 --- [restartedMain] o.d.spring.DwrAnnotationPostProcessor    : Could not infer class for [taskSchedulerBuilder]. Is it a factory bean? Omitting bean from annotation processing
2020-11-07 14:09:09.454  INFO 14944 --- [restartedMain] o.d.spring.DwrAnnotationPostProcessor    : Could not infer class for [java8TimeDialect]. Is it a factory bean? Omitting bean from annotation processing
2020-11-07 14:09:09.454  INFO 14944 --- [restartedMain] o.d.spring.DwrAnnotationPostProcessor    : Could not infer class for [thymeleafViewResolver]. Is it a factory bean? Omitting bean from annotation processing
2020-11-07 14:09:09.454  INFO 14944 --- [restartedMain] o.d.spring.DwrAnnotationPostProcessor    : Could not infer class for [templateEngine]. Is it a factory bean? Omitting bean from annotation processing
2020-11-07 14:09:09.454  INFO 14944 --- [restartedMain] o.d.spring.DwrAnnotationPostProcessor    : Could not infer class for [defaultTemplateResolver]. Is it a factory bean? Omitting bean from annotation processing
2020-11-07 14:09:09.454  INFO 14944 --- [restartedMain] o.d.spring.DwrAnnotationPostProcessor    : Could not infer class for [transactionManager]. Is it a factory bean? Omitting bean from annotation processing
2020-11-07 14:09:09.454  INFO 14944 --- [restartedMain] o.d.spring.DwrAnnotationPostProcessor    : Could not infer class for [org.springframework.transaction.config.internalTransactionAdvisor]. Is it a factory bean? Omitting bean from annotation processing
2020-11-07 14:09:09.454  INFO 14944 --- [restartedMain] o.d.spring.DwrAnnotationPostProcessor    : Could not infer class for [transactionAttributeSource]. Is it a factory bean? Omitting bean from annotation processing
2020-11-07 14:09:09.454  INFO 14944 --- [restartedMain] o.d.spring.DwrAnnotationPostProcessor    : Could not infer class for [transactionInterceptor]. Is it a factory bean? Omitting bean from annotation processing
2020-11-07 14:09:09.456  INFO 14944 --- [restartedMain] o.d.spring.DwrAnnotationPostProcessor    : Could not infer class for [transactionTemplate]. Is it a factory bean? Omitting bean from annotation processing
2020-11-07 14:09:09.456  INFO 14944 --- [restartedMain] o.d.spring.DwrAnnotationPostProcessor    : Could not infer class for [platformTransactionManagerCustomizers]. Is it a factory bean? Omitting bean from annotation processing
2020-11-07 14:09:09.456  INFO 14944 --- [restartedMain] o.d.spring.DwrAnnotationPostProcessor    : Could not infer class for [restTemplateBuilder]. Is it a factory bean? Omitting bean from annotation processing
2020-11-07 14:09:09.456  INFO 14944 --- [restartedMain] o.d.spring.DwrAnnotationPostProcessor    : Could not infer class for [tomcatWebServerFactoryCustomizer]. Is it a factory bean? Omitting bean from annotation processing
2020-11-07 14:09:09.456  INFO 14944 --- [restartedMain] o.d.spring.DwrAnnotationPostProcessor    : Could not infer class for [characterEncodingFilter]. Is it a factory bean? Omitting bean from annotation processing
2020-11-07 14:09:09.456  INFO 14944 --- [restartedMain] o.d.spring.DwrAnnotationPostProcessor    : Could not infer class for [localeCharsetMappingsCustomizer]. Is it a factory bean? Omitting bean from annotation processing
2020-11-07 14:09:09.456  INFO 14944 --- [restartedMain] o.d.spring.DwrAnnotationPostProcessor    : Could not infer class for [multipartConfigElement]. Is it a factory bean? Omitting bean from annotation processing
2020-11-07 14:09:09.456  INFO 14944 --- [restartedMain] o.d.spring.DwrAnnotationPostProcessor    : Could not infer class for [multipartResolver]. Is it a factory bean? Omitting bean from annotation processing
2020-11-07 14:09:09.456  INFO 14944 --- [restartedMain] o.d.spring.DwrAnnotationPostProcessor    : Could not infer class for [inMemoryDatabaseShutdownExecutor]. Is it a factory bean? Omitting bean from annotation processing
2020-11-07 14:09:09.456  INFO 14944 --- [restartedMain] o.d.spring.DwrAnnotationPostProcessor    : Could not infer class for [restartingClassPathChangedEventListener]. Is it a factory bean? Omitting bean from annotation processing
2020-11-07 14:09:09.456  INFO 14944 --- [restartedMain] o.d.spring.DwrAnnotationPostProcessor    : Could not infer class for [classPathFileSystemWatcher]. Is it a factory bean? Omitting bean from annotation processing
2020-11-07 14:09:09.456  INFO 14944 --- [restartedMain] o.d.spring.DwrAnnotationPostProcessor    : Could not infer class for [classPathRestartStrategy]. Is it a factory bean? Omitting bean from annotation processing
2020-11-07 14:09:09.456  INFO 14944 --- [restartedMain] o.d.spring.DwrAnnotationPostProcessor    : Could not infer class for [fileSystemWatcherFactory]. Is it a factory bean? Omitting bean from annotation processing
2020-11-07 14:09:09.456  INFO 14944 --- [restartedMain] o.d.spring.DwrAnnotationPostProcessor    : Could not infer class for [conditionEvaluationDeltaLoggingListener]. Is it a factory bean? Omitting bean from annotation processing
2020-11-07 14:09:09.456  INFO 14944 --- [restartedMain] o.d.spring.DwrAnnotationPostProcessor    : Could not infer class for [liveReloadServer]. Is it a factory bean? Omitting bean from annotation processing
2020-11-07 14:09:09.456  INFO 14944 --- [restartedMain] o.d.spring.DwrAnnotationPostProcessor    : Could not infer class for [optionalLiveReloadServer]. Is it a factory bean? Omitting bean from annotation processing
2020-11-07 14:09:09.456  INFO 14944 --- [restartedMain] o.d.spring.DwrAnnotationPostProcessor    : Could not infer class for [liveReloadServerEventListener]. Is it a factory bean? Omitting bean from annotation processing
2020-11-07 14:09:09.529  INFO 14944 --- [restartedMain] o.apache.catalina.core.StandardService   : Starting service [Tomcat]
2020-11-07 14:09:09.529  INFO 14944 --- [restartedMain] org.apache.catalina.core.StandardEngine  : Starting Servlet engine: [Apache Tomcat/9.0.38]
2020-11-07 14:09:09.569  INFO 14944 --- [restartedMain] o.a.c.c.C.[Tomcat].[localhost].[/]       : Initializing Spring embedded WebApplicationContext
2020-11-07 14:09:10.009  INFO 14944 --- [restartedMain] c.t.l.w.a.SpringBootLook4popApplication  : Started SpringBootLook4popApplication in 1.045 seconds (JVM running for 229.561)
2020-11-07 14:09:10.169  INFO 14944 --- [http-nio-8080-exec-1] o.a.c.c.C.[Tomcat].[localhost].[/]       : Initializing Spring DispatcherServlet 'dispatcherServlet'
2020-11-07 14:09:15.179  INFO 14944 --- [http-nio-8080-exec-1] com.zaxxer.hikari.HikariDataSource       : HikariPool-4 - Starting...
2020-11-07 14:09:15.182  INFO 14944 --- [http-nio-8080-exec-1] com.zaxxer.hikari.HikariDataSource       : HikariPool-4 - Start completed.
2020-11-07 14:09:15.189  INFO 14944 --- [http-nio-8080-exec-1] c.t.l.w.app.controllers.MainController   : Ejemplo de log
2020-11-07 14:09:15.304  INFO 14944 --- [http-nio-8080-exec-7] org.directwebremoting.log.startup        : Starting: DwrSpringServlet v3.0.3-dev on Apache Tomcat/9.0.38 / JDK 11.0.2 from Oracle Corporation at 
2020-11-07 14:09:15.469  INFO 14944 --- [http-nio-8080-exec-7] org.directwebremoting.log.startup        : Starting: Using container abstraction org.directwebremoting.server.servlet3.Servlet30ContainerAbstraction
2020-11-07 14:13:00.938  INFO 14944 --- [Thread-20] com.zaxxer.hikari.HikariDataSource       : HikariPool-4 - Shutdown initiated...
2020-11-07 14:13:00.944  INFO 14944 --- [Thread-20] com.zaxxer.hikari.HikariDataSource       : HikariPool-4 - Shutdown completed.
2020-11-07 14:13:01.018  INFO 14944 --- [restartedMain] c.t.l.w.a.SpringBootLook4popApplication  : Starting SpringBootLook4popApplication on LAPTOP-C5RQVG6H with PID 14944 (C:\workspacetfg\spring-boot-look4pop\target\classes started by Carlos in C:\workspacetfg\spring-boot-look4pop)
2020-11-07 14:13:01.018  INFO 14944 --- [restartedMain] c.t.l.w.a.SpringBootLook4popApplication  : No active profile set, falling back to default profiles: default
2020-11-07 14:13:01.178  INFO 14944 --- [restartedMain] o.d.s.DwrClassPathBeanDefinitionScanner  : Dwr classpath scanning detected candidate DTO [com.tfg.look4pop.web.app.models.entity.Coche] processed by converter type [bean]
2020-11-07 14:13:01.188  INFO 14944 --- [restartedMain] o.d.s.DwrClassPathBeanDefinitionScanner  : Dwr classpath scanning detected candidate DTO [com.tfg.look4pop.web.app.models.entity.Color] processed by converter type [bean]
2020-11-07 14:13:01.188  INFO 14944 --- [restartedMain] o.d.s.DwrClassPathBeanDefinitionScanner  : Dwr classpath scanning detected candidate DTO [com.tfg.look4pop.web.app.models.entity.Futbolista] processed by converter type [bean]
2020-11-07 14:13:01.238  INFO 14944 --- [restartedMain] o.d.spring.DwrAnnotationPostProcessor    : Detected candidate bean [mainController]. Remoting using mainController
2020-11-07 14:13:01.238  INFO 14944 --- [restartedMain] o.d.spring.DwrAnnotationPostProcessor    : Could not infer class for [localeResolver]. Is it a factory bean? Omitting bean from annotation processing
2020-11-07 14:13:01.238  INFO 14944 --- [restartedMain] o.d.spring.DwrAnnotationPostProcessor    : Could not infer class for [localeChangeInterceptor]. Is it a factory bean? Omitting bean from annotation processing
2020-11-07 14:13:01.238  INFO 14944 --- [restartedMain] o.d.spring.DwrAnnotationPostProcessor    : Could not infer class for [servletRegistrationBean]. Is it a factory bean? Omitting bean from annotation processing
2020-11-07 14:13:01.238  INFO 14944 --- [restartedMain] o.d.spring.DwrAnnotationPostProcessor    : Could not infer class for [messageSourceProperties]. Is it a factory bean? Omitting bean from annotation processing
2020-11-07 14:13:01.238  INFO 14944 --- [restartedMain] o.d.spring.DwrAnnotationPostProcessor    : Could not infer class for [messageSource]. Is it a factory bean? Omitting bean from annotation processing
2020-11-07 14:13:01.238  INFO 14944 --- [restartedMain] o.d.spring.DwrAnnotationPostProcessor    : Could not infer class for [websocketServletWebServerCustomizer]. Is it a factory bean? Omitting bean from annotation processing
2020-11-07 14:13:01.238  INFO 14944 --- [restartedMain] o.d.spring.DwrAnnotationPostProcessor    : Could not infer class for [tomcatServletWebServerFactory]. Is it a factory bean? Omitting bean from annotation processing
2020-11-07 14:13:01.238  INFO 14944 --- [restartedMain] o.d.spring.DwrAnnotationPostProcessor    : Could not infer class for [servletWebServerFactoryCustomizer]. Is it a factory bean? Omitting bean from annotation processing
2020-11-07 14:13:01.238  INFO 14944 --- [restartedMain] o.d.spring.DwrAnnotationPostProcessor    : Could not infer class for [tomcatServletWebServerFactoryCustomizer]. Is it a factory bean? Omitting bean from annotation processing
2020-11-07 14:13:01.238  INFO 14944 --- [restartedMain] o.d.spring.DwrAnnotationPostProcessor    : Could not infer class for [dispatcherServlet]. Is it a factory bean? Omitting bean from annotation processing
2020-11-07 14:13:01.238  INFO 14944 --- [restartedMain] o.d.spring.DwrAnnotationPostProcessor    : Could not infer class for [dispatcherServletRegistration]. Is it a factory bean? Omitting bean from annotation processing
2020-11-07 14:13:01.238  INFO 14944 --- [restartedMain] o.d.spring.DwrAnnotationPostProcessor    : Could not infer class for [taskExecutorBuilder]. Is it a factory bean? Omitting bean from annotation processing
2020-11-07 14:13:01.238  INFO 14944 --- [restartedMain] o.d.spring.DwrAnnotationPostProcessor    : Could not infer class for [applicationTaskExecutor]. Is it a factory bean? Omitting bean from annotation processing
2020-11-07 14:13:01.238  INFO 14944 --- [restartedMain] o.d.spring.DwrAnnotationPostProcessor    : Could not infer class for [error]. Is it a factory bean? Omitting bean from annotation processing
2020-11-07 14:13:01.238  INFO 14944 --- [restartedMain] o.d.spring.DwrAnnotationPostProcessor    : Could not infer class for [beanNameViewResolver]. Is it a factory bean? Omitting bean from annotation processing
2020-11-07 14:13:01.238  INFO 14944 --- [restartedMain] o.d.spring.DwrAnnotationPostProcessor    : Could not infer class for [conventionErrorViewResolver]. Is it a factory bean? Omitting bean from annotation processing
2020-11-07 14:13:01.238  INFO 14944 --- [restartedMain] o.d.spring.DwrAnnotationPostProcessor    : Could not infer class for [errorAttributes]. Is it a factory bean? Omitting bean from annotation processing
2020-11-07 14:13:01.238  INFO 14944 --- [restartedMain] o.d.spring.DwrAnnotationPostProcessor    : Could not infer class for [basicErrorController]. Is it a factory bean? Omitting bean from annotation processing
2020-11-07 14:13:01.238  INFO 14944 --- [restartedMain] o.d.spring.DwrAnnotationPostProcessor    : Could not infer class for [errorPageCustomizer]. Is it a factory bean? Omitting bean from annotation processing
2020-11-07 14:13:01.238  INFO 14944 --- [restartedMain] o.d.spring.DwrAnnotationPostProcessor    : Could not infer class for [requestMappingHandlerAdapter]. Is it a factory bean? Omitting bean from annotation processing
2020-11-07 14:13:01.238  INFO 14944 --- [restartedMain] o.d.spring.DwrAnnotationPostProcessor    : Could not infer class for [requestMappingHandlerMapping]. Is it a factory bean? Omitting bean from annotation processing
2020-11-07 14:13:01.238  INFO 14944 --- [restartedMain] o.d.spring.DwrAnnotationPostProcessor    : Could not infer class for [welcomePageHandlerMapping]. Is it a factory bean? Omitting bean from annotation processing
2020-11-07 14:13:01.238  INFO 14944 --- [restartedMain] o.d.spring.DwrAnnotationPostProcessor    : Could not infer class for [mvcConversionService]. Is it a factory bean? Omitting bean from annotation processing
2020-11-07 14:13:01.238  INFO 14944 --- [restartedMain] o.d.spring.DwrAnnotationPostProcessor    : Could not infer class for [mvcValidator]. Is it a factory bean? Omitting bean from annotation processing
2020-11-07 14:13:01.238  INFO 14944 --- [restartedMain] o.d.spring.DwrAnnotationPostProcessor    : Could not infer class for [mvcContentNegotiationManager]. Is it a factory bean? Omitting bean from annotation processing
2020-11-07 14:13:01.238  INFO 14944 --- [restartedMain] o.d.spring.DwrAnnotationPostProcessor    : Could not infer class for [mvcPathMatcher]. Is it a factory bean? Omitting bean from annotation processing
2020-11-07 14:13:01.238  INFO 14944 --- [restartedMain] o.d.spring.DwrAnnotationPostProcessor    : Could not infer class for [mvcUrlPathHelper]. Is it a factory bean? Omitting bean from annotation processing
2020-11-07 14:13:01.238  INFO 14944 --- [restartedMain] o.d.spring.DwrAnnotationPostProcessor    : Could not infer class for [viewControllerHandlerMapping]. Is it a factory bean? Omitting bean from annotation processing
2020-11-07 14:13:01.238  INFO 14944 --- [restartedMain] o.d.spring.DwrAnnotationPostProcessor    : Could not infer class for [beanNameHandlerMapping]. Is it a factory bean? Omitting bean from annotation processing
2020-11-07 14:13:01.238  INFO 14944 --- [restartedMain] o.d.spring.DwrAnnotationPostProcessor    : Could not infer class for [routerFunctionMapping]. Is it a factory bean? Omitting bean from annotation processing
2020-11-07 14:13:01.238  INFO 14944 --- [restartedMain] o.d.spring.DwrAnnotationPostProcessor    : Could not infer class for [resourceHandlerMapping]. Is it a factory bean? Omitting bean from annotation processing
2020-11-07 14:13:01.238  INFO 14944 --- [restartedMain] o.d.spring.DwrAnnotationPostProcessor    : Could not infer class for [mvcResourceUrlProvider]. Is it a factory bean? Omitting bean from annotation processing
2020-11-07 14:13:01.238  INFO 14944 --- [restartedMain] o.d.spring.DwrAnnotationPostProcessor    : Could not infer class for [defaultServletHandlerMapping]. Is it a factory bean? Omitting bean from annotation processing
2020-11-07 14:13:01.238  INFO 14944 --- [restartedMain] o.d.spring.DwrAnnotationPostProcessor    : Could not infer class for [handlerFunctionAdapter]. Is it a factory bean? Omitting bean from annotation processing
2020-11-07 14:13:01.238  INFO 14944 --- [restartedMain] o.d.spring.DwrAnnotationPostProcessor    : Could not infer class for [mvcUriComponentsContributor]. Is it a factory bean? Omitting bean from annotation processing
2020-11-07 14:13:01.238  INFO 14944 --- [restartedMain] o.d.spring.DwrAnnotationPostProcessor    : Could not infer class for [httpRequestHandlerAdapter]. Is it a factory bean? Omitting bean from annotation processing
2020-11-07 14:13:01.238  INFO 14944 --- [restartedMain] o.d.spring.DwrAnnotationPostProcessor    : Could not infer class for [simpleControllerHandlerAdapter]. Is it a factory bean? Omitting bean from annotation processing
2020-11-07 14:13:01.238  INFO 14944 --- [restartedMain] o.d.spring.DwrAnnotationPostProcessor    : Could not infer class for [handlerExceptionResolver]. Is it a factory bean? Omitting bean from annotation processing
2020-11-07 14:13:01.238  INFO 14944 --- [restartedMain] o.d.spring.DwrAnnotationPostProcessor    : Could not infer class for [mvcViewResolver]. Is it a factory bean? Omitting bean from annotation processing
2020-11-07 14:13:01.238  INFO 14944 --- [restartedMain] o.d.spring.DwrAnnotationPostProcessor    : Could not infer class for [mvcHandlerMappingIntrospector]. Is it a factory bean? Omitting bean from annotation processing
2020-11-07 14:13:01.238  INFO 14944 --- [restartedMain] o.d.spring.DwrAnnotationPostProcessor    : Could not infer class for [defaultViewResolver]. Is it a factory bean? Omitting bean from annotation processing
2020-11-07 14:13:01.238  INFO 14944 --- [restartedMain] o.d.spring.DwrAnnotationPostProcessor    : Could not infer class for [viewResolver]. Is it a factory bean? Omitting bean from annotation processing
2020-11-07 14:13:01.238  INFO 14944 --- [restartedMain] o.d.spring.DwrAnnotationPostProcessor    : Could not infer class for [formContentFilter]. Is it a factory bean? Omitting bean from annotation processing
2020-11-07 14:13:01.238  INFO 14944 --- [restartedMain] o.d.spring.DwrAnnotationPostProcessor    : Could not infer class for [dataSource]. Is it a factory bean? Omitting bean from annotation processing
2020-11-07 14:13:01.238  INFO 14944 --- [restartedMain] o.d.spring.DwrAnnotationPostProcessor    : Could not infer class for [hikariPoolDataSourceMetadataProvider]. Is it a factory bean? Omitting bean from annotation processing
2020-11-07 14:13:01.238  INFO 14944 --- [restartedMain] o.d.spring.DwrAnnotationPostProcessor    : Could not infer class for [sqlSessionFactory]. Is it a factory bean? Omitting bean from annotation processing
2020-11-07 14:13:01.248  INFO 14944 --- [restartedMain] o.d.spring.DwrAnnotationPostProcessor    : Could not infer class for [sqlSessionTemplate]. Is it a factory bean? Omitting bean from annotation processing
2020-11-07 14:13:01.248  INFO 14944 --- [restartedMain] o.d.spring.DwrAnnotationPostProcessor    : Could not infer class for [mbeanExporter]. Is it a factory bean? Omitting bean from annotation processing
2020-11-07 14:13:01.248  INFO 14944 --- [restartedMain] o.d.spring.DwrAnnotationPostProcessor    : Could not infer class for [objectNamingStrategy]. Is it a factory bean? Omitting bean from annotation processing
2020-11-07 14:13:01.248  INFO 14944 --- [restartedMain] o.d.spring.DwrAnnotationPostProcessor    : Could not infer class for [mbeanServer]. Is it a factory bean? Omitting bean from annotation processing
2020-11-07 14:13:01.248  INFO 14944 --- [restartedMain] o.d.spring.DwrAnnotationPostProcessor    : Could not infer class for [springApplicationAdminRegistrar]. Is it a factory bean? Omitting bean from annotation processing
2020-11-07 14:13:01.248  INFO 14944 --- [restartedMain] o.d.spring.DwrAnnotationPostProcessor    : Could not infer class for [applicationAvailability]. Is it a factory bean? Omitting bean from annotation processing
2020-11-07 14:13:01.248  INFO 14944 --- [restartedMain] o.d.spring.DwrAnnotationPostProcessor    : Could not infer class for [lifecycleProcessor]. Is it a factory bean? Omitting bean from annotation processing
2020-11-07 14:13:01.248  INFO 14944 --- [restartedMain] o.d.spring.DwrAnnotationPostProcessor    : Could not infer class for [standardJacksonObjectMapperBuilderCustomizer]. Is it a factory bean? Omitting bean from annotation processing
2020-11-07 14:13:01.248  INFO 14944 --- [restartedMain] o.d.spring.DwrAnnotationPostProcessor    : Could not infer class for [jacksonObjectMapperBuilder]. Is it a factory bean? Omitting bean from annotation processing
2020-11-07 14:13:01.248  INFO 14944 --- [restartedMain] o.d.spring.DwrAnnotationPostProcessor    : Could not infer class for [parameterNamesModule]. Is it a factory bean? Omitting bean from annotation processing
2020-11-07 14:13:01.248  INFO 14944 --- [restartedMain] o.d.spring.DwrAnnotationPostProcessor    : Could not infer class for [jacksonObjectMapper]. Is it a factory bean? Omitting bean from annotation processing
2020-11-07 14:13:01.248  INFO 14944 --- [restartedMain] o.d.spring.DwrAnnotationPostProcessor    : Could not infer class for [jsonComponentModule]. Is it a factory bean? Omitting bean from annotation processing
2020-11-07 14:13:01.248  INFO 14944 --- [restartedMain] o.d.spring.DwrAnnotationPostProcessor    : Could not infer class for [stringHttpMessageConverter]. Is it a factory bean? Omitting bean from annotation processing
2020-11-07 14:13:01.248  INFO 14944 --- [restartedMain] o.d.spring.DwrAnnotationPostProcessor    : Could not infer class for [mappingJackson2HttpMessageConverter]. Is it a factory bean? Omitting bean from annotation processing
2020-11-07 14:13:01.248  INFO 14944 --- [restartedMain] o.d.spring.DwrAnnotationPostProcessor    : Could not infer class for [messageConverters]. Is it a factory bean? Omitting bean from annotation processing
2020-11-07 14:13:01.248  INFO 14944 --- [restartedMain] o.d.spring.DwrAnnotationPostProcessor    : Could not infer class for [jdbcTemplate]. Is it a factory bean? Omitting bean from annotation processing
2020-11-07 14:13:01.248  INFO 14944 --- [restartedMain] o.d.spring.DwrAnnotationPostProcessor    : Could not infer class for [namedParameterJdbcTemplate]. Is it a factory bean? Omitting bean from annotation processing
2020-11-07 14:13:01.248  INFO 14944 --- [restartedMain] o.d.spring.DwrAnnotationPostProcessor    : Could not infer class for [taskSchedulerBuilder]. Is it a factory bean? Omitting bean from annotation processing
2020-11-07 14:13:01.248  INFO 14944 --- [restartedMain] o.d.spring.DwrAnnotationPostProcessor    : Could not infer class for [java8TimeDialect]. Is it a factory bean? Omitting bean from annotation processing
2020-11-07 14:13:01.248  INFO 14944 --- [restartedMain] o.d.spring.DwrAnnotationPostProcessor    : Could not infer class for [thymeleafViewResolver]. Is it a factory bean? Omitting bean from annotation processing
2020-11-07 14:13:01.248  INFO 14944 --- [restartedMain] o.d.spring.DwrAnnotationPostProcessor    : Could not infer class for [templateEngine]. Is it a factory bean? Omitting bean from annotation processing
2020-11-07 14:13:01.248  INFO 14944 --- [restartedMain] o.d.spring.DwrAnnotationPostProcessor    : Could not infer class for [defaultTemplateResolver]. Is it a factory bean? Omitting bean from annotation processing
2020-11-07 14:13:01.248  INFO 14944 --- [restartedMain] o.d.spring.DwrAnnotationPostProcessor    : Could not infer class for [transactionManager]. Is it a factory bean? Omitting bean from annotation processing
2020-11-07 14:13:01.248  INFO 14944 --- [restartedMain] o.d.spring.DwrAnnotationPostProcessor    : Could not infer class for [org.springframework.transaction.config.internalTransactionAdvisor]. Is it a factory bean? Omitting bean from annotation processing
2020-11-07 14:13:01.248  INFO 14944 --- [restartedMain] o.d.spring.DwrAnnotationPostProcessor    : Could not infer class for [transactionAttributeSource]. Is it a factory bean? Omitting bean from annotation processing
2020-11-07 14:13:01.248  INFO 14944 --- [restartedMain] o.d.spring.DwrAnnotationPostProcessor    : Could not infer class for [transactionInterceptor]. Is it a factory bean? Omitting bean from annotation processing
2020-11-07 14:13:01.248  INFO 14944 --- [restartedMain] o.d.spring.DwrAnnotationPostProcessor    : Could not infer class for [transactionTemplate]. Is it a factory bean? Omitting bean from annotation processing
2020-11-07 14:13:01.248  INFO 14944 --- [restartedMain] o.d.spring.DwrAnnotationPostProcessor    : Could not infer class for [platformTransactionManagerCustomizers]. Is it a factory bean? Omitting bean from annotation processing
2020-11-07 14:13:01.248  INFO 14944 --- [restartedMain] o.d.spring.DwrAnnotationPostProcessor    : Could not infer class for [restTemplateBuilder]. Is it a factory bean? Omitting bean from annotation processing
2020-11-07 14:13:01.248  INFO 14944 --- [restartedMain] o.d.spring.DwrAnnotationPostProcessor    : Could not infer class for [tomcatWebServerFactoryCustomizer]. Is it a factory bean? Omitting bean from annotation processing
2020-11-07 14:13:01.248  INFO 14944 --- [restartedMain] o.d.spring.DwrAnnotationPostProcessor    : Could not infer class for [characterEncodingFilter]. Is it a factory bean? Omitting bean from annotation processing
2020-11-07 14:13:01.248  INFO 14944 --- [restartedMain] o.d.spring.DwrAnnotationPostProcessor    : Could not infer class for [localeCharsetMappingsCustomizer]. Is it a factory bean? Omitting bean from annotation processing
2020-11-07 14:13:01.248  INFO 14944 --- [restartedMain] o.d.spring.DwrAnnotationPostProcessor    : Could not infer class for [multipartConfigElement]. Is it a factory bean? Omitting bean from annotation processing
2020-11-07 14:13:01.248  INFO 14944 --- [restartedMain] o.d.spring.DwrAnnotationPostProcessor    : Could not infer class for [multipartResolver]. Is it a factory bean? Omitting bean from annotation processing
2020-11-07 14:13:01.248  INFO 14944 --- [restartedMain] o.d.spring.DwrAnnotationPostProcessor    : Could not infer class for [inMemoryDatabaseShutdownExecutor]. Is it a factory bean? Omitting bean from annotation processing
2020-11-07 14:13:01.248  INFO 14944 --- [restartedMain] o.d.spring.DwrAnnotationPostProcessor    : Could not infer class for [restartingClassPathChangedEventListener]. Is it a factory bean? Omitting bean from annotation processing
2020-11-07 14:13:01.248  INFO 14944 --- [restartedMain] o.d.spring.DwrAnnotationPostProcessor    : Could not infer class for [classPathFileSystemWatcher]. Is it a factory bean? Omitting bean from annotation processing
2020-11-07 14:13:01.248  INFO 14944 --- [restartedMain] o.d.spring.DwrAnnotationPostProcessor    : Could not infer class for [classPathRestartStrategy]. Is it a factory bean? Omitting bean from annotation processing
2020-11-07 14:13:01.248  INFO 14944 --- [restartedMain] o.d.spring.DwrAnnotationPostProcessor    : Could not infer class for [fileSystemWatcherFactory]. Is it a factory bean? Omitting bean from annotation processing
2020-11-07 14:13:01.248  INFO 14944 --- [restartedMain] o.d.spring.DwrAnnotationPostProcessor    : Could not infer class for [conditionEvaluationDeltaLoggingListener]. Is it a factory bean? Omitting bean from annotation processing
2020-11-07 14:13:01.248  INFO 14944 --- [restartedMain] o.d.spring.DwrAnnotationPostProcessor    : Could not infer class for [liveReloadServer]. Is it a factory bean? Omitting bean from annotation processing
2020-11-07 14:13:01.248  INFO 14944 --- [restartedMain] o.d.spring.DwrAnnotationPostProcessor    : Could not infer class for [optionalLiveReloadServer]. Is it a factory bean? Omitting bean from annotation processing
2020-11-07 14:13:01.248  INFO 14944 --- [restartedMain] o.d.spring.DwrAnnotationPostProcessor    : Could not infer class for [liveReloadServerEventListener]. Is it a factory bean? Omitting bean from annotation processing
2020-11-07 14:13:01.288  INFO 14944 --- [restartedMain] o.apache.catalina.core.StandardService   : Starting service [Tomcat]
2020-11-07 14:13:01.288  INFO 14944 --- [restartedMain] org.apache.catalina.core.StandardEngine  : Starting Servlet engine: [Apache Tomcat/9.0.38]
2020-11-07 14:13:01.318  INFO 14944 --- [restartedMain] o.a.c.c.C.[Tomcat].[localhost].[/]       : Initializing Spring embedded WebApplicationContext
2020-11-07 14:13:01.527  INFO 14944 --- [restartedMain] c.t.l.w.a.SpringBootLook4popApplication  : Started SpringBootLook4popApplication in 0.535 seconds (JVM running for 461.071)
2020-11-07 14:13:07.398  INFO 14944 --- [http-nio-8080-exec-1] o.a.c.c.C.[Tomcat].[localhost].[/]       : Initializing Spring DispatcherServlet 'dispatcherServlet'
2020-11-07 14:13:12.408  INFO 14944 --- [http-nio-8080-exec-1] com.zaxxer.hikari.HikariDataSource       : HikariPool-5 - Starting...
2020-11-07 14:13:12.418  INFO 14944 --- [http-nio-8080-exec-1] com.zaxxer.hikari.HikariDataSource       : HikariPool-5 - Start completed.
2020-11-07 14:13:12.448  INFO 14944 --- [http-nio-8080-exec-1] c.t.l.w.app.controllers.MainController   : Ejemplo de log
2020-11-07 14:13:12.524  INFO 14944 --- [http-nio-8080-exec-8] org.directwebremoting.log.startup        : Starting: DwrSpringServlet v3.0.3-dev on Apache Tomcat/9.0.38 / JDK 11.0.2 from Oracle Corporation at 
2020-11-07 14:13:12.727  INFO 14944 --- [http-nio-8080-exec-8] org.directwebremoting.log.startup        : Starting: Using container abstraction org.directwebremoting.server.servlet3.Servlet30ContainerAbstraction
2020-11-07 14:17:43.303  INFO 14944 --- [Thread-26] com.zaxxer.hikari.HikariDataSource       : HikariPool-5 - Shutdown initiated...
2020-11-07 14:17:43.313  INFO 14944 --- [Thread-26] com.zaxxer.hikari.HikariDataSource       : HikariPool-5 - Shutdown completed.
